"../../../Engine/Content/EngineMaterials/T_Default_Material_Grid_M.ubulk" 0
"../../../Engine/Content/EngineMaterials/T_Default_Material_Grid_M.uasset" 1
"../../../Engine/Content/EngineMaterials/T_Default_Material_Grid_M.uexp" 2
"../../../Engine/Content/EngineMaterials/T_Default_Material_Grid_N.ubulk" 3
"../../../Engine/Content/EngineMaterials/T_Default_Material_Grid_N.uasset" 4
"../../../Engine/Content/EngineMaterials/T_Default_Material_Grid_N.uexp" 5
"../../../Engine/Content/Functions/Engine_MaterialFunctions01/Opacity/CameraDepthFade.uasset" 6
"../../../Engine/Content/Functions/Engine_MaterialFunctions01/Opacity/CameraDepthFade.uexp" 7
"../../../Engine/Content/EngineMaterials/DefaultMaterial.uasset" 8
"../../../Engine/Content/EngineMaterials/DefaultMaterial.uexp" 9
"../../../Engine/Content/BasicShapes/Sphere.ubulk" 10
"../../../Engine/Content/BasicShapes/Sphere.uasset" 11
"../../../Engine/Content/BasicShapes/Sphere.uexp" 12
"../../../Engine/Content/EngineMaterials/WorldGridMaterial.uasset" 13
"../../../Engine/Content/EngineMaterials/WorldGridMaterial.uexp" 14
"../../../Engine/Content/BasicShapes/Plane.ubulk" 15
"../../../Engine/Content/BasicShapes/Plane.uasset" 16
"../../../Engine/Content/BasicShapes/Plane.uexp" 17
"../../../Engine/Content/BasicShapes/Cylinder.ubulk" 18
"../../../Engine/Content/BasicShapes/Cylinder.uasset" 19
"../../../Engine/Content/BasicShapes/Cylinder.uexp" 20
"../../../Engine/Content/BasicShapes/Cube.ubulk" 21
"../../../Engine/Content/BasicShapes/Cube.uasset" 22
"../../../Engine/Content/BasicShapes/Cube.uexp" 23
"../../../Engine/Content/BasicShapes/Cone.ubulk" 24
"../../../Engine/Content/BasicShapes/Cone.uasset" 25
"../../../Engine/Content/BasicShapes/Cone.uexp" 26
"../../../Engine/Content/ArtTools/RenderToTexture/Meshes/S_1_Unit_Plane.ubulk" 27
"../../../Engine/Content/ArtTools/RenderToTexture/Meshes/S_1_Unit_Plane.uasset" 28
"../../../Engine/Content/ArtTools/RenderToTexture/Meshes/S_1_Unit_Plane.uexp" 29
"../../../Engine/Content/EditorLandscapeResources/DefaultAlphaTexture.uasset" 30
"../../../Engine/Content/EditorLandscapeResources/DefaultAlphaTexture.uexp" 31
"../../../Engine/Content/EditorLandscapeResources/DataLayer.uasset" 32
"../../../Engine/Content/EditorLandscapeResources/DataLayer.uexp" 33
"../../../Engine/Content/EditorMaterials/PreviewShadowIndicator.ubulk" 34
"../../../Engine/Content/EditorMaterials/PreviewShadowIndicator.uasset" 35
"../../../Engine/Content/EditorMaterials/PreviewShadowIndicator.uexp" 36
"../../../Engine/Content/EditorMaterials/PreviewShadowIndicatorMaterial.uasset" 37
"../../../Engine/Content/EditorMaterials/PreviewShadowIndicatorMaterial.uexp" 38
"../../../Engine/Content/EditorMaterials/MAT_Groups_Visibility.uasset" 39
"../../../Engine/Content/EditorMaterials/MAT_Groups_Visibility.uexp" 40
"../../../Engine/Content/EditorMaterials/MAT_Groups_Toggle.uasset" 41
"../../../Engine/Content/EditorMaterials/MAT_Groups_Toggle.uexp" 42
"../../../Engine/Content/EditorMaterials/MatineeGroups/MAT_Groups_Vector.uasset" 43
"../../../Engine/Content/EditorMaterials/MatineeGroups/MAT_Groups_Vector.uexp" 44
"../../../Engine/Content/EditorMaterials/MatineeGroups/MAT_Groups_Sound.uasset" 45
"../../../Engine/Content/EditorMaterials/MatineeGroups/MAT_Groups_Sound.uexp" 46
"../../../Engine/Content/EditorMaterials/MatineeGroups/MAT_Groups_Slomo.uasset" 47
"../../../Engine/Content/EditorMaterials/MatineeGroups/MAT_Groups_Slomo.uexp" 48
"../../../Engine/Content/EditorMaterials/MatineeGroups/MAT_Groups_Move.uasset" 49
"../../../Engine/Content/EditorMaterials/MatineeGroups/MAT_Groups_Move.uexp" 50
"../../../Engine/Content/EditorMaterials/MatineeGroups/MAT_Groups_Float.uasset" 51
"../../../Engine/Content/EditorMaterials/MatineeGroups/MAT_Groups_Float.uexp" 52
"../../../Engine/Content/EditorMaterials/MatineeGroups/MAT_Groups_Fade.uasset" 53
"../../../Engine/Content/EditorMaterials/MatineeGroups/MAT_Groups_Fade.uexp" 54
"../../../Engine/Content/EditorMaterials/MatineeGroups/MAT_Groups_Event.uasset" 55
"../../../Engine/Content/EditorMaterials/MatineeGroups/MAT_Groups_Event.uexp" 56
"../../../Engine/Content/EditorMaterials/MatineeGroups/MAT_Groups_Director.uasset" 57
"../../../Engine/Content/EditorMaterials/MatineeGroups/MAT_Groups_Director.uexp" 58
"../../../Engine/Content/EditorMaterials/MatineeGroups/MAT_Groups_AudioMaster.uasset" 59
"../../../Engine/Content/EditorMaterials/MatineeGroups/MAT_Groups_AudioMaster.uexp" 60
"../../../Engine/Content/EditorMaterials/MatineeGroups/MAT_Groups_Anim.uasset" 61
"../../../Engine/Content/EditorMaterials/MatineeGroups/MAT_Groups_Anim.uexp" 62
"../../../Engine/Content/EditorMaterials/MatineeGroups/MAT_ColorTrack.uasset" 63
"../../../Engine/Content/EditorMaterials/MatineeGroups/MAT_ColorTrack.uexp" 64
"../../../Engine/Content/EditorMaterials/ParticleSystems/PSysThumbnail_OOD.ubulk" 65
"../../../Engine/Content/EditorMaterials/ParticleSystems/PSysThumbnail_OOD.uasset" 66
"../../../Engine/Content/EditorMaterials/ParticleSystems/PSysThumbnail_OOD.uexp" 67
"../../../Engine/Content/EditorMaterials/ParticleSystems/PSysThumbnail_NoImage.ubulk" 68
"../../../Engine/Content/EditorMaterials/ParticleSystems/PSysThumbnail_NoImage.uasset" 69
"../../../Engine/Content/EditorMaterials/ParticleSystems/PSysThumbnail_NoImage.uexp" 70
"../../../Engine/Content/Functions/Engine_MaterialFunctions02/Utility/MakeFloat4.uasset" 71
"../../../Engine/Content/Functions/Engine_MaterialFunctions02/Utility/MakeFloat4.uexp" 72
"../../../Engine/Content/Functions/Engine_MaterialFunctions02/Utility/MakeFloat3.uasset" 73
"../../../Engine/Content/Functions/Engine_MaterialFunctions02/Utility/MakeFloat3.uexp" 74
"../../../Engine/Content/Functions/Engine_MaterialFunctions02/Utility/BreakOutFloat3Components.uasset" 75
"../../../Engine/Content/Functions/Engine_MaterialFunctions02/Utility/BreakOutFloat3Components.uexp" 76
"../../../Engine/Content/EditorMaterials/WorldPartition/WorldPartitionSpatialHashGridPreviewMaterial.uasset" 77
"../../../Engine/Content/EditorMaterials/WorldPartition/WorldPartitionSpatialHashGridPreviewMaterial.uexp" 78
"../../../Engine/Content/EditorMaterials/Camera/CineMat.uasset" 79
"../../../Engine/Content/EditorMaterials/Camera/CineMat.uexp" 80
"../../../Engine/Content/EditorMaterials/Camera/MI_CineMat_Rig.uasset" 81
"../../../Engine/Content/EditorMaterials/Camera/MI_CineMat_Rig.uexp" 82
"../../../Engine/Content/EditorMeshes/Camera/SM_RailRig_Track.ubulk" 83
"../../../Engine/Content/EditorMeshes/Camera/SM_RailRig_Track.uasset" 84
"../../../Engine/Content/EditorMeshes/Camera/SM_RailRig_Track.uexp" 85
"../../../Engine/Content/EditorMeshes/Camera/SM_RailRig_Mount.ubulk" 86
"../../../Engine/Content/EditorMeshes/Camera/SM_RailRig_Mount.uasset" 87
"../../../Engine/Content/EditorMeshes/Camera/SM_RailRig_Mount.uexp" 88
"../../../Engine/Content/EditorMeshes/Camera/SM_CraneRig_Mount.ubulk" 89
"../../../Engine/Content/EditorMeshes/Camera/SM_CraneRig_Mount.uasset" 90
"../../../Engine/Content/EditorMeshes/Camera/SM_CraneRig_Mount.uexp" 91
"../../../Engine/Content/EditorMeshes/Camera/SM_CraneRig_Body.ubulk" 92
"../../../Engine/Content/EditorMeshes/Camera/SM_CraneRig_Body.uasset" 93
"../../../Engine/Content/EditorMeshes/Camera/SM_CraneRig_Body.uexp" 94
"../../../Engine/Content/EditorMeshes/Camera/SM_CraneRig_Base.ubulk" 95
"../../../Engine/Content/EditorMeshes/Camera/SM_CraneRig_Base.uasset" 96
"../../../Engine/Content/EditorMeshes/Camera/SM_CraneRig_Base.uexp" 97
"../../../Engine/Content/EditorMeshes/Camera/SM_CraneRig_Arm.ubulk" 98
"../../../Engine/Content/EditorMeshes/Camera/SM_CraneRig_Arm.uasset" 99
"../../../Engine/Content/EditorMeshes/Camera/SM_CraneRig_Arm.uexp" 100
"../../../Engine/Content/EditorResources/S_TriggerSphere.uasset" 101
"../../../Engine/Content/EditorResources/S_TriggerSphere.uexp" 102
"../../../Engine/Content/EditorResources/S_TriggerCapsule.uasset" 103
"../../../Engine/Content/EditorResources/S_TriggerCapsule.uexp" 104
"../../../Engine/Content/EditorResources/S_TriggerBox.uasset" 105
"../../../Engine/Content/EditorResources/S_TriggerBox.uexp" 106
"../../../Engine/Content/EditorResources/S_Trigger.ubulk" 107
"../../../Engine/Content/EditorResources/S_Trigger.uasset" 108
"../../../Engine/Content/EditorResources/S_Trigger.uexp" 109
"../../../Engine/Content/EditorResources/S_Terrain.ubulk" 110
"../../../Engine/Content/EditorResources/S_Terrain.uasset" 111
"../../../Engine/Content/EditorResources/S_Terrain.uexp" 112
"../../../Engine/Content/EditorResources/S_Solver.ubulk" 113
"../../../Engine/Content/EditorResources/S_Solver.uasset" 114
"../../../Engine/Content/EditorResources/S_Solver.uexp" 115
"../../../Engine/Content/EditorResources/S_BoxReflectionCapture.uasset" 116
"../../../Engine/Content/EditorResources/S_BoxReflectionCapture.uexp" 117
"../../../Engine/Content/EditorResources/S_Actor.ubulk" 118
"../../../Engine/Content/EditorResources/S_Actor.uasset" 119
"../../../Engine/Content/EditorResources/S_Actor.uexp" 120
"../../../Engine/Content/EditorResources/EmptyActor.uasset" 121
"../../../Engine/Content/EditorResources/EmptyActor.uexp" 122
"../../../Engine/Content/EditorResources/BSPVertex.uasset" 123
"../../../Engine/Content/EditorResources/BSPVertex.uexp" 124
"../../../Engine/Content/EditorResources/SequenceRecorder/RecordingIndicator.uasset" 125
"../../../Engine/Content/EditorResources/SequenceRecorder/RecordingIndicator.uexp" 126
"../../../Engine/Content/EditorResources/SequenceRecorder/Countdown.uasset" 127
"../../../Engine/Content/EditorResources/SequenceRecorder/Countdown.uexp" 128
"../../../Engine/Content/EngineDamageTypes/DmgTypeBP_Environmental.uasset" 129
"../../../Engine/Content/EngineDamageTypes/DmgTypeBP_Environmental.uexp" 130
"../../../Engine/Content/Functions/Engine_MaterialFunctions02/Utility/CameraDirectionVector.uasset" 131
"../../../Engine/Content/Functions/Engine_MaterialFunctions02/Utility/CameraDirectionVector.uexp" 132
"../../../Engine/Content/EngineDebugMaterials/VolumeToRender.uasset" 133
"../../../Engine/Content/EngineDebugMaterials/VolumeToRender.uexp" 134
"../../../Engine/Content/EngineDebugMaterials/M_VolumeRenderSphereTracePP.uasset" 135
"../../../Engine/Content/EngineDebugMaterials/M_VolumeRenderSphereTracePP.uexp" 136
"../../../Engine/Content/EngineDebugMaterials/M_SimpleUnlitTranslucent.uasset" 137
"../../../Engine/Content/EngineDebugMaterials/M_SimpleUnlitTranslucent.uexp" 138
"../../../Engine/Content/EngineDebugMaterials/DebugMeshMaterial.uasset" 139
"../../../Engine/Content/EngineDebugMaterials/DebugMeshMaterial.uexp" 140
"../../../Engine/Content/EngineDebugMaterials/DebugEditorMaterial.uasset" 141
"../../../Engine/Content/EngineDebugMaterials/DebugEditorMaterial.uexp" 142
"../../../Engine/Content/EngineFonts/Faces/RobotoLight.uexp" 143
"../../../Engine/Content/EngineFonts/Faces/RobotoLight.uasset" 144
"../../../Engine/Content/EngineFonts/Faces/RobotoLight.ufont" 145
"../../../Engine/Content/EngineFonts/Faces/RobotoBold.uexp" 146
"../../../Engine/Content/EngineFonts/Faces/RobotoBold.uasset" 147
"../../../Engine/Content/EngineFonts/Faces/RobotoBold.ufont" 148
"../../../Engine/Content/EngineFonts/Faces/RobotoRegular.uexp" 149
"../../../Engine/Content/EngineFonts/Faces/RobotoRegular.uasset" 150
"../../../Engine/Content/EngineFonts/Faces/RobotoRegular.ufont" 151
"../../../Engine/Content/EngineFonts/Faces/DroidSansFallback.uexp" 152
"../../../Engine/Content/EngineFonts/Faces/DroidSansFallback.uasset" 153
"../../../Engine/Content/EngineFonts/Faces/DroidSansFallback.ufont" 154
"../../../Engine/Content/EngineFonts/Faces/RobotoItalic.uexp" 155
"../../../Engine/Content/EngineFonts/Faces/RobotoItalic.uasset" 156
"../../../Engine/Content/EngineFonts/Faces/RobotoItalic.ufont" 157
"../../../Engine/Content/EngineFonts/Faces/RobotoBoldItalic.uexp" 158
"../../../Engine/Content/EngineFonts/Faces/RobotoBoldItalic.uasset" 159
"../../../Engine/Content/EngineFonts/Faces/RobotoBoldItalic.ufont" 160
"../../../Engine/Content/EngineFonts/Roboto.uasset" 161
"../../../Engine/Content/EngineFonts/Roboto.uexp" 162
"../../../Engine/Content/EngineResources/WhiteSquareTexture.uasset" 163
"../../../Engine/Content/EngineResources/WhiteSquareTexture.uexp" 164
"../../../Engine/Content/EngineMaterials/Widget3DPassThrough.uasset" 165
"../../../Engine/Content/EngineMaterials/Widget3DPassThrough.uexp" 166
"../../../Engine/Content/EngineMaterials/Widget3DPassThrough_Translucent.uasset" 167
"../../../Engine/Content/EngineMaterials/Widget3DPassThrough_Translucent.uexp" 168
"../../../Engine/Content/EngineMaterials/Widget3DPassThrough_Translucent_OneSided.uasset" 169
"../../../Engine/Content/EngineMaterials/Widget3DPassThrough_Translucent_OneSided.uexp" 170
"../../../Engine/Content/EngineMaterials/Widget3DPassThrough_Opaque.uasset" 171
"../../../Engine/Content/EngineMaterials/Widget3DPassThrough_Opaque.uexp" 172
"../../../Engine/Content/EngineMaterials/Widget3DPassThrough_Opaque_OneSided.uasset" 173
"../../../Engine/Content/EngineMaterials/Widget3DPassThrough_Opaque_OneSided.uexp" 174
"../../../Engine/Content/EngineMaterials/Widget3DPassThrough_Masked_OneSided.uasset" 175
"../../../Engine/Content/EngineMaterials/Widget3DPassThrough_Masked_OneSided.uexp" 176
"../../../Engine/Content/EngineMaterials/Widget3DPassThrough_Masked.uasset" 177
"../../../Engine/Content/EngineMaterials/Widget3DPassThrough_Masked.uexp" 178
"../../../Engine/Content/EngineMaterials/WeightMapPlaceholderTexture.uasset" 179
"../../../Engine/Content/EngineMaterials/WeightMapPlaceholderTexture.uexp" 180
"../../../Engine/Content/EngineMaterials/RemoveSurfaceMaterial.uasset" 181
"../../../Engine/Content/EngineMaterials/RemoveSurfaceMaterial.uexp" 182
"../../../Engine/Content/EngineMaterials/PreintegratedSkinBRDF.uasset" 183
"../../../Engine/Content/EngineMaterials/PreintegratedSkinBRDF.uexp" 184
"../../../Engine/Content/EngineMaterials/DefaultCalibrationGrayscale.uasset" 185
"../../../Engine/Content/EngineMaterials/DefaultCalibrationGrayscale.uexp" 186
"../../../Engine/Content/EngineMaterials/PPM_DefaultCalibrationGrayscale.uasset" 187
"../../../Engine/Content/EngineMaterials/PPM_DefaultCalibrationGrayscale.uexp" 188
"../../../Engine/Content/EngineMaterials/DefaultCalibrationColor.uasset" 189
"../../../Engine/Content/EngineMaterials/DefaultCalibrationColor.uexp" 190
"../../../Engine/Content/EngineMaterials/PPM_DefaultCalibrationColor.uasset" 191
"../../../Engine/Content/EngineMaterials/PPM_DefaultCalibrationColor.uexp" 192
"../../../Engine/Content/Functions/Engine_MaterialFunctions02/WorldPositionOffset/CameraOffset.uasset" 193
"../../../Engine/Content/Functions/Engine_MaterialFunctions02/WorldPositionOffset/CameraOffset.uexp" 194
"../../../Engine/Content/EngineMaterials/PhAT_JointLimitMaterial.uasset" 195
"../../../Engine/Content/EngineMaterials/PhAT_JointLimitMaterial.uexp" 196
"../../../Engine/Content/EngineMaterials/InvalidLightmapSettings.ubulk" 197
"../../../Engine/Content/EngineMaterials/InvalidLightmapSettings.uasset" 198
"../../../Engine/Content/EngineMaterials/InvalidLightmapSettings.uexp" 199
"../../../Engine/Content/EngineMaterials/M_InvalidLightmapSettings.uasset" 200
"../../../Engine/Content/EngineMaterials/M_InvalidLightmapSettings.uexp" 201
"../../../Engine/Content/EngineMaterials/MiniFont.uasset" 202
"../../../Engine/Content/EngineMaterials/MiniFont.uexp" 203
"../../../Engine/Content/EngineMaterials/Good64x64TilingNoiseHighFreq.uasset" 204
"../../../Engine/Content/EngineMaterials/Good64x64TilingNoiseHighFreq.uexp" 205
"../../../Engine/Content/EngineMaterials/GizmoMaterial.uasset" 206
"../../../Engine/Content/EngineMaterials/GizmoMaterial.uexp" 207
"../../../Engine/Content/EngineMaterials/BaseFlattenEmissiveMap_VT.uasset" 208
"../../../Engine/Content/EngineMaterials/BaseFlattenEmissiveMap_VT.uexp" 209
"../../../Engine/Content/EngineMaterials/BaseFlattenGrayscaleMap_VT.uasset" 210
"../../../Engine/Content/EngineMaterials/BaseFlattenGrayscaleMap_VT.uexp" 211
"../../../Engine/Content/EngineMaterials/BaseFlattenLinearColor_VT.uasset" 212
"../../../Engine/Content/EngineMaterials/BaseFlattenLinearColor_VT.uexp" 213
"../../../Engine/Content/EngineMaterials/Black_1x1_EXR_Texture_VT.uasset" 214
"../../../Engine/Content/EngineMaterials/Black_1x1_EXR_Texture_VT.uexp" 215
"../../../Engine/Content/EngineMaterials/BaseFlattenDiffuseMap_VT.uasset" 216
"../../../Engine/Content/EngineMaterials/BaseFlattenDiffuseMap_VT.uexp" 217
"../../../Engine/Content/EngineMaterials/BaseFlattenNormalMap_VT.uasset" 218
"../../../Engine/Content/EngineMaterials/BaseFlattenNormalMap_VT.uexp" 219
"../../../Engine/Content/EngineMaterials/FlattenMaterial_WS_Normal_VT.uasset" 220
"../../../Engine/Content/EngineMaterials/FlattenMaterial_WS_Normal_VT.uexp" 221
"../../../Engine/Content/EngineMaterials/FlattenMaterial_VT.uasset" 222
"../../../Engine/Content/EngineMaterials/FlattenMaterial_VT.uexp" 223
"../../../Engine/Content/EngineMaterials/BaseFlattenNormalMap.uasset" 224
"../../../Engine/Content/EngineMaterials/BaseFlattenNormalMap.uexp" 225
"../../../Engine/Content/EngineMaterials/BaseFlattenGrayscaleMap.uasset" 226
"../../../Engine/Content/EngineMaterials/BaseFlattenGrayscaleMap.uexp" 227
"../../../Engine/Content/EngineMaterials/BaseFlattenDiffuseMap.uasset" 228
"../../../Engine/Content/EngineMaterials/BaseFlattenDiffuseMap.uexp" 229
"../../../Engine/Content/Functions/Engine_MaterialFunctions02/PivotPainter2/Black_1x1_EXR_Texture.uasset" 230
"../../../Engine/Content/Functions/Engine_MaterialFunctions02/PivotPainter2/Black_1x1_EXR_Texture.uexp" 231
"../../../Engine/Content/EngineMaterials/BaseFlattenEmissiveMap.uasset" 232
"../../../Engine/Content/EngineMaterials/BaseFlattenEmissiveMap.uexp" 233
"../../../Engine/Content/EngineMaterials/BaseFlattenLinearColor.uasset" 234
"../../../Engine/Content/EngineMaterials/BaseFlattenLinearColor.uexp" 235
"../../../Engine/Content/EngineMaterials/FlattenMaterial.uasset" 236
"../../../Engine/Content/EngineMaterials/FlattenMaterial.uexp" 237
"../../../Engine/Content/EngineMaterials/DefaultWhiteGrid_Low.uasset" 238
"../../../Engine/Content/EngineMaterials/DefaultWhiteGrid_Low.uexp" 239
"../../../Engine/Content/EngineMaterials/EmissiveMeshMaterial.uasset" 240
"../../../Engine/Content/EngineMaterials/EmissiveMeshMaterial.uexp" 241
"../../../Engine/Content/EngineMaterials/DefaultWhiteGrid.ubulk" 242
"../../../Engine/Content/EngineMaterials/DefaultWhiteGrid.uasset" 243
"../../../Engine/Content/EngineMaterials/DefaultWhiteGrid.uexp" 244
"../../../Engine/Content/EngineFonts/RobotoDistanceField.uasset" 245
"../../../Engine/Content/EngineFonts/RobotoDistanceField.uexp" 246
"../../../Engine/Content/EngineMaterials/DefaultTextMaterialOpaque.uasset" 247
"../../../Engine/Content/EngineMaterials/DefaultTextMaterialOpaque.uexp" 248
"../../../Engine/Content/EngineMaterials/DefaultDiffuse.ubulk" 249
"../../../Engine/Content/EngineMaterials/DefaultDiffuse.uasset" 250
"../../../Engine/Content/EngineMaterials/DefaultDiffuse.uexp" 251
"../../../Engine/Content/Functions/Engine_MaterialFunctions02/Utility/BreakOutFloat2Components.uasset" 252
"../../../Engine/Content/Functions/Engine_MaterialFunctions02/Utility/BreakOutFloat2Components.uexp" 253
"../../../Engine/Content/EngineMaterials/DefaultPostProcessMaterial.uasset" 254
"../../../Engine/Content/EngineMaterials/DefaultPostProcessMaterial.uexp" 255
"../../../Engine/Content/EngineMaterials/DefaultPhysicalMaterial.uasset" 256
"../../../Engine/Content/EngineMaterials/DefaultPhysicalMaterial.uexp" 257
"../../../Engine/Content/EngineMaterials/DefaultLightFunctionMaterial.uasset" 258
"../../../Engine/Content/EngineMaterials/DefaultLightFunctionMaterial.uexp" 259
"../../../Engine/Content/EngineMaterials/DefaultDestructiblePhysicalMaterial.uasset" 260
"../../../Engine/Content/EngineMaterials/DefaultDestructiblePhysicalMaterial.uexp" 261
"../../../Engine/Content/EngineResources/GradientTexture0.uasset" 262
"../../../Engine/Content/EngineResources/GradientTexture0.uexp" 263
"../../../Engine/Content/EngineResources/DefaultVolumeTexture2D.uasset" 264
"../../../Engine/Content/EngineResources/DefaultVolumeTexture2D.uexp" 265
"../../../Engine/Content/EngineResources/DefaultVolumeTexture.uasset" 266
"../../../Engine/Content/EngineResources/DefaultVolumeTexture.uexp" 267
"../../../Engine/Content/EngineResources/DefaultTextureCube.uasset" 268
"../../../Engine/Content/EngineResources/DefaultTextureCube.uexp" 269
"../../../Engine/Content/EngineResources/DefaultTexture.ubulk" 270
"../../../Engine/Content/EngineResources/DefaultTexture.uasset" 271
"../../../Engine/Content/EngineResources/DefaultTexture.uexp" 272
"../../../Engine/Content/EngineResources/Black.uasset" 273
"../../../Engine/Content/EngineResources/Black.uexp" 274
"../../../Engine/Content/EngineMeshes/Sphere.ubulk" 275
"../../../Engine/Content/EngineMeshes/Sphere.uasset" 276
"../../../Engine/Content/EngineMeshes/Sphere.uexp" 277
"../../../Engine/Content/EngineMaterials/DefaultDeferredDecalMaterial.uasset" 278
"../../../Engine/Content/EngineMaterials/DefaultDeferredDecalMaterial.uexp" 279
"../../../Engine/Content/EngineMaterials/DefaultBokeh.uasset" 280
"../../../Engine/Content/EngineMaterials/DefaultBokeh.uexp" 281
"../../../Engine/Content/EngineMaterials/DefaultBloomKernel.uasset" 282
"../../../Engine/Content/EngineMaterials/DefaultBloomKernel.uexp" 283
"../../../Engine/Content/EngineMaterials/BlueNoise.uasset" 284
"../../../Engine/Content/EngineMaterials/BlueNoise.uexp" 285
"../../../Engine/Content/EngineResources/FilmGrains/Marcie_Grain_v3_128_M2_000.uasset" 286
"../../../Engine/Content/EngineResources/FilmGrains/Marcie_Grain_v3_128_M2_000.uexp" 287
"../../../Engine/Content/EngineSky/T_Sky_Stars.ubulk" 288
"../../../Engine/Content/EngineSky/T_Sky_Stars.uasset" 289
"../../../Engine/Content/EngineSky/T_Sky_Stars.uexp" 290
"../../../Engine/Content/EngineSky/T_Sky_Clouds_M.ubulk" 291
"../../../Engine/Content/EngineSky/T_Sky_Clouds_M.uasset" 292
"../../../Engine/Content/EngineSky/T_Sky_Clouds_M.uexp" 293
"../../../Engine/Content/EngineSky/T_Sky_Blue.ubulk" 294
"../../../Engine/Content/EngineSky/T_Sky_Blue.uasset" 295
"../../../Engine/Content/EngineSky/T_Sky_Blue.uexp" 296
"../../../Engine/Content/EngineSky/M_Sky_Panning_Clouds2.uasset" 297
"../../../Engine/Content/EngineSky/M_Sky_Panning_Clouds2.uexp" 298
"../../../Engine/Content/EngineSky/SM_SkySphere.ubulk" 299
"../../../Engine/Content/EngineSky/SM_SkySphere.uasset" 300
"../../../Engine/Content/EngineSky/SM_SkySphere.uexp" 301
"../../../Engine/Content/EngineSky/M_SimpleSkyDome.uasset" 302
"../../../Engine/Content/EngineSky/M_SimpleSkyDome.uexp" 303
"../../../Engine/Content/EngineSky/VolumetricClouds/CloudWeatherTexture.uasset" 304
"../../../Engine/Content/EngineSky/VolumetricClouds/CloudWeatherTexture.uexp" 305
"../../../Engine/Content/Functions/Engine_MaterialFunctions02/Utility/MakeFloat2.uasset" 306
"../../../Engine/Content/Functions/Engine_MaterialFunctions02/Utility/MakeFloat2.uexp" 307
"../../../Engine/Content/EngineSky/VolumetricClouds/CloudGradientTexture.uasset" 308
"../../../Engine/Content/EngineSky/VolumetricClouds/CloudGradientTexture.uexp" 309
"../../../Engine/Content/EngineSky/VolumetricClouds/T_NoiseShape64.ubulk" 310
"../../../Engine/Content/EngineSky/VolumetricClouds/T_NoiseShape64.uasset" 311
"../../../Engine/Content/EngineSky/VolumetricClouds/T_NoiseShape64.uexp" 312
"../../../Engine/Content/EngineSky/VolumetricClouds/T_VolumeNoiseShape64.uasset" 313
"../../../Engine/Content/EngineSky/VolumetricClouds/T_VolumeNoiseShape64.uexp" 314
"../../../Engine/Content/EngineSky/VolumetricClouds/T_NoiseErosion.ubulk" 315
"../../../Engine/Content/EngineSky/VolumetricClouds/T_NoiseErosion.uasset" 316
"../../../Engine/Content/EngineSky/VolumetricClouds/T_NoiseErosion.uexp" 317
"../../../Engine/Content/EngineSky/VolumetricClouds/T_VolumeNoiseErosion32.uasset" 318
"../../../Engine/Content/EngineSky/VolumetricClouds/T_VolumeNoiseErosion32.uexp" 319
"../../../Engine/Content/EngineSky/VolumetricClouds/m_SimpleVolumetricCloud.uasset" 320
"../../../Engine/Content/EngineSky/VolumetricClouds/m_SimpleVolumetricCloud.uexp" 321
"../../../Engine/Content/EngineSky/VolumetricClouds/m_SimpleVolumetricCloud_Inst.uasset" 322
"../../../Engine/Content/EngineSky/VolumetricClouds/m_SimpleVolumetricCloud_Inst.uexp" 323
"../../../Engine/Content/EngineSounds/Master.uasset" 324
"../../../Engine/Content/EngineSounds/Master.uexp" 325
"../../../Engine/Content/Functions/Engine_MaterialFunctions01/Shading/PowerToRoughness.uasset" 326
"../../../Engine/Content/Functions/Engine_MaterialFunctions01/Shading/PowerToRoughness.uexp" 327
"../../../Engine/Content/Functions/Engine_MaterialFunctions01/Shading/ConvertFromDiffSpec.uasset" 328
"../../../Engine/Content/Functions/Engine_MaterialFunctions01/Shading/ConvertFromDiffSpec.uexp" 329
"../../../Engine/Content/MobileResources/HUD/VirtualJoystick_Background.uasset" 330
"../../../Engine/Content/MobileResources/HUD/VirtualJoystick_Background.uexp" 331
"../../../Engine/Content/MobileResources/HUD/VirtualJoystick_Thumb.uasset" 332
"../../../Engine/Content/MobileResources/HUD/VirtualJoystick_Thumb.uexp" 333
"../../../Engine/Content/MobileResources/HUD/DefaultVirtualJoysticks.uasset" 334
"../../../Engine/Content/MobileResources/HUD/DefaultVirtualJoysticks.uexp" 335
"../../../Engine/Content/Tutorial/ContentIntroCurve.uasset" 336
"../../../Engine/Content/Tutorial/ContentIntroCurve.uexp" 337
"../../../Engine/Content/VREditor/TransformGizmo/Main.uasset" 338
"../../../Engine/Content/VREditor/TransformGizmo/Main.uexp" 339
"../../../Engine/Content/VREditor/TransformGizmo/Xray.uasset" 340
"../../../Engine/Content/VREditor/TransformGizmo/Xray.uexp" 341
"../../../Engine/Content/VREditor/TransformGizmo/SM_Sequencer_Node.ubulk" 342
"../../../Engine/Content/VREditor/TransformGizmo/SM_Sequencer_Node.uasset" 343
"../../../Engine/Content/VREditor/TransformGizmo/SM_Sequencer_Node.uexp" 344
"../../../Engine/Content/VREditor/LaserPointer/VR_LaserPower_01.ubulk" 345
"../../../Engine/Content/VREditor/LaserPointer/VR_LaserPower_01.uasset" 346
"../../../Engine/Content/VREditor/LaserPointer/VR_LaserPower_01.uexp" 347
"../../../Engine/Content/VREditor/TransformGizmo/TransformGizmoMaterial.uasset" 348
"../../../Engine/Content/VREditor/TransformGizmo/TransformGizmoMaterial.uexp" 349
"../../../Engine/Content/VREditor/TransformGizmo/TranslucentTransformGizmoMaterial.uasset" 350
"../../../Engine/Content/VREditor/TransformGizmo/TranslucentTransformGizmoMaterial.uexp" 351
"../../../Engine/Content/VREditor/TransformGizmo/PlaneTranslationHandle.ubulk" 352
"../../../Engine/Content/VREditor/TransformGizmo/PlaneTranslationHandle.uasset" 353
"../../../Engine/Content/VREditor/TransformGizmo/PlaneTranslationHandle.uexp" 354
"../../../Engine/Content/VREditor/TransformGizmo/BoundingBoxEdge.ubulk" 355
"../../../Engine/Content/VREditor/TransformGizmo/BoundingBoxEdge.uasset" 356
"../../../Engine/Content/VREditor/TransformGizmo/BoundingBoxEdge.uexp" 357
"../../../Engine/Content/VREditor/TransformGizmo/BoundingBoxCorner.ubulk" 358
"../../../Engine/Content/VREditor/TransformGizmo/BoundingBoxCorner.uasset" 359
"../../../Engine/Content/VREditor/TransformGizmo/BoundingBoxCorner.uexp" 360
"../../../Engine/Plugins/2D/Paper2D/Content/PlaceholderTextures/DummySpriteTexture.ubulk" 361
"../../../Engine/Plugins/2D/Paper2D/Content/PlaceholderTextures/DummySpriteTexture.uasset" 362
"../../../Engine/Plugins/2D/Paper2D/Content/PlaceholderTextures/DummySpriteTexture.uexp" 363
"../../../Engine/Plugins/2D/Paper2D/Content/DefaultSpriteMaterial.uasset" 364
"../../../Engine/Plugins/2D/Paper2D/Content/DefaultSpriteMaterial.uexp" 365
"../../../Engine/Plugins/2D/Paper2D/Content/OpaqueUnlitSpriteMaterial.uasset" 366
"../../../Engine/Plugins/2D/Paper2D/Content/OpaqueUnlitSpriteMaterial.uexp" 367
"../../../Engine/Plugins/2D/Paper2D/Content/MaskedUnlitSpriteMaterial.uasset" 368
"../../../Engine/Plugins/2D/Paper2D/Content/MaskedUnlitSpriteMaterial.uexp" 369
"../../../Engine/Plugins/2D/Paper2D/Content/DummySprite.uasset" 370
"../../../Engine/Plugins/2D/Paper2D/Content/DummySprite.uexp" 371
"../../../Engine/Plugins/2D/Paper2D/Content/DefaultPaperTerrainMaterial.uasset" 372
"../../../Engine/Plugins/2D/Paper2D/Content/DefaultPaperTerrainMaterial.uexp" 373
"../../../Engine/Plugins/Editor/SpeedTreeImporter/Content/SpeedTree9/game_wind_noise.ubulk" 374
"../../../Engine/Plugins/Editor/SpeedTreeImporter/Content/SpeedTree9/game_wind_noise.uasset" 375
"../../../Engine/Plugins/Editor/SpeedTreeImporter/Content/SpeedTree9/game_wind_noise.uexp" 376
"../../../Engine/Plugins/Editor/SpeedTreeImporter/Content/SpeedTree9/UnpackDirection.uasset" 377
"../../../Engine/Plugins/Editor/SpeedTreeImporter/Content/SpeedTree9/UnpackDirection.uexp" 378
"../../../Engine/Content/Functions/Engine_MaterialFunctions02/ObjectLocalBounds.uasset" 379
"../../../Engine/Content/Functions/Engine_MaterialFunctions02/ObjectLocalBounds.uexp" 380
"../../../Engine/Content/Functions/Engine_MaterialFunctions02/UVs/BoundingBoxBased_0-1_UVW.uasset" 381
"../../../Engine/Content/Functions/Engine_MaterialFunctions02/UVs/BoundingBoxBased_0-1_UVW.uexp" 382
"../../../Engine/Content/Functions/Engine_MaterialFunctions02/Utility/VectorLength.uasset" 383
"../../../Engine/Content/Functions/Engine_MaterialFunctions02/Utility/VectorLength.uexp" 384
"../../../Engine/Plugins/Editor/SpeedTreeImporter/Content/SpeedTree9/UnpackInteger3.uasset" 385
"../../../Engine/Plugins/Editor/SpeedTreeImporter/Content/SpeedTree9/UnpackInteger3.uexp" 386
"../../../Engine/Plugins/Editor/SpeedTreeImporter/Content/SpeedTree9/SpeedTreeCameraFacing.uasset" 387
"../../../Engine/Plugins/Editor/SpeedTreeImporter/Content/SpeedTree9/SpeedTreeCameraFacing.uexp" 388
"../../../Engine/Content/Functions/Engine_MaterialFunctions02/WorldPositionOffset/ObjectScale.uasset" 389
"../../../Engine/Content/Functions/Engine_MaterialFunctions02/WorldPositionOffset/ObjectScale.uexp" 390
"../../../Engine/Content/Functions/Engine_MaterialFunctions02/SafeNormalize.uasset" 391
"../../../Engine/Content/Functions/Engine_MaterialFunctions02/SafeNormalize.uexp" 392
"../../../Engine/Plugins/Editor/SpeedTreeImporter/Content/SpeedTree9/SpeedTreeWindMotion.uasset" 393
"../../../Engine/Plugins/Editor/SpeedTreeImporter/Content/SpeedTree9/SpeedTreeWindMotion.uexp" 394
"../../../Engine/Plugins/Editor/SpeedTreeImporter/Content/SpeedTree9/SpeedTreeBranchMotion.uasset" 395
"../../../Engine/Plugins/Editor/SpeedTreeImporter/Content/SpeedTree9/SpeedTreeBranchMotion.uexp" 396
"../../../Engine/Plugins/Editor/SpeedTreeImporter/Content/SpeedTree9/SpeedTreeWind.uasset" 397
"../../../Engine/Plugins/Editor/SpeedTreeImporter/Content/SpeedTree9/SpeedTreeWind.uexp" 398
"../../../Engine/Plugins/Editor/SpeedTreeImporter/Content/SpeedTree9/EmptyNormal.uasset" 399
"../../../Engine/Plugins/Editor/SpeedTreeImporter/Content/SpeedTree9/EmptyNormal.uexp" 400
"../../../Engine/Plugins/Editor/SpeedTreeImporter/Content/SpeedTree9/Empty.uasset" 401
"../../../Engine/Plugins/Editor/SpeedTreeImporter/Content/SpeedTree9/Empty.uexp" 402
"../../../Engine/Plugins/Editor/SpeedTreeImporter/Content/SpeedTree9/SpeedTreeMaster.uasset" 403
"../../../Engine/Plugins/Editor/SpeedTreeImporter/Content/SpeedTree9/SpeedTreeMaster.uexp" 404
"../../../Engine/Plugins/Editor/SpeedTreeImporter/Content/SpeedTree9/SpeedTreeBillboard.uasset" 405
"../../../Engine/Plugins/Editor/SpeedTreeImporter/Content/SpeedTree9/SpeedTreeBillboard.uexp" 406
"../../../Engine/Plugins/Editor/SpeedTreeImporter/Content/SpeedTree9/SpeedTreeBillboardMaster.uasset" 407
"../../../Engine/Plugins/Editor/SpeedTreeImporter/Content/SpeedTree9/SpeedTreeBillboardMaster.uexp" 408
"../../../Engine/Plugins/Animation/ControlRig/Content/M_Manip.uasset" 409
"../../../Engine/Plugins/Animation/ControlRig/Content/M_Manip.uexp" 410
"../../../Engine/Plugins/Animation/ControlRig/Content/Controls/DefaultGizmoLibraryNormalized.uasset" 411
"../../../Engine/Plugins/Animation/ControlRig/Content/Controls/DefaultGizmoLibraryNormalized.uexp" 412
"../../../Engine/Plugins/Animation/ControlRig/Content/Controls/ControlRig_Wedge_solid.ubulk" 413
"../../../Engine/Plugins/Animation/ControlRig/Content/Controls/ControlRig_Wedge_solid.uasset" 414
"../../../Engine/Plugins/Animation/ControlRig/Content/Controls/ControlRig_Wedge_solid.uexp" 415
"../../../Engine/Plugins/Animation/ControlRig/Content/Controls/ControlRig_Wedge_3mm.ubulk" 416
"../../../Engine/Plugins/Animation/ControlRig/Content/Controls/ControlRig_Wedge_3mm.uasset" 417
"../../../Engine/Plugins/Animation/ControlRig/Content/Controls/ControlRig_Wedge_3mm.uexp" 418
"../../../Engine/Plugins/Animation/ControlRig/Content/Controls/ControlRig_Wedge_1mm.ubulk" 419
"../../../Engine/Plugins/Animation/ControlRig/Content/Controls/ControlRig_Wedge_1mm.uasset" 420
"../../../Engine/Plugins/Animation/ControlRig/Content/Controls/ControlRig_Wedge_1mm.uexp" 421
"../../../Engine/Plugins/Animation/ControlRig/Content/Controls/ControlRig_Triangle_solid.ubulk" 422
"../../../Engine/Plugins/Animation/ControlRig/Content/Controls/ControlRig_Triangle_solid.uasset" 423
"../../../Engine/Plugins/Animation/ControlRig/Content/Controls/ControlRig_Triangle_solid.uexp" 424
"../../../Engine/Plugins/Animation/ControlRig/Content/Controls/ControlRig_Triangle_3mm.ubulk" 425
"../../../Engine/Plugins/Animation/ControlRig/Content/Controls/ControlRig_Triangle_3mm.uasset" 426
"../../../Engine/Plugins/Animation/ControlRig/Content/Controls/ControlRig_Triangle_3mm.uexp" 427
"../../../Engine/Plugins/Animation/ControlRig/Content/Controls/ControlRig_Triangle_1mm.ubulk" 428
"../../../Engine/Plugins/Animation/ControlRig/Content/Controls/ControlRig_Triangle_1mm.uasset" 429
"../../../Engine/Plugins/Animation/ControlRig/Content/Controls/ControlRig_Triangle_1mm.uexp" 430
"../../../Engine/Plugins/Animation/ControlRig/Content/Controls/ControlRig_Star4_solid.ubulk" 431
"../../../Engine/Plugins/Animation/ControlRig/Content/Controls/ControlRig_Star4_solid.uasset" 432
"../../../Engine/Plugins/Animation/ControlRig/Content/Controls/ControlRig_Star4_solid.uexp" 433
"../../../Engine/Plugins/Animation/ControlRig/Content/Controls/ControlRig_Star4_3mm.ubulk" 434
"../../../Engine/Plugins/Animation/ControlRig/Content/Controls/ControlRig_Star4_3mm.uasset" 435
"../../../Engine/Plugins/Animation/ControlRig/Content/Controls/ControlRig_Star4_3mm.uexp" 436
"../../../Engine/Plugins/Animation/ControlRig/Content/Controls/ControlRig_Star4_1mm.ubulk" 437
"../../../Engine/Plugins/Animation/ControlRig/Content/Controls/ControlRig_Star4_1mm.uasset" 438
"../../../Engine/Plugins/Animation/ControlRig/Content/Controls/ControlRig_Star4_1mm.uexp" 439
"../../../Engine/Plugins/Animation/ControlRig/Content/Controls/ControlRig_Square_solid.ubulk" 440
"../../../Engine/Plugins/Animation/ControlRig/Content/Controls/ControlRig_Square_solid.uasset" 441
"../../../Engine/Plugins/Animation/ControlRig/Content/Controls/ControlRig_Square_solid.uexp" 442
"../../../Engine/Plugins/Animation/ControlRig/Content/Controls/ControlRig_Square_3mm.ubulk" 443
"../../../Engine/Plugins/Animation/ControlRig/Content/Controls/ControlRig_Square_3mm.uasset" 444
"../../../Engine/Plugins/Animation/ControlRig/Content/Controls/ControlRig_Square_3mm.uexp" 445
"../../../Engine/Plugins/Animation/ControlRig/Content/Controls/ControlRig_Square_1mm.ubulk" 446
"../../../Engine/Plugins/Animation/ControlRig/Content/Controls/ControlRig_Square_1mm.uasset" 447
"../../../Engine/Plugins/Animation/ControlRig/Content/Controls/ControlRig_Square_1mm.uexp" 448
"../../../Engine/Plugins/Animation/ControlRig/Content/Controls/ControlRig_Sphere_solid.ubulk" 449
"../../../Engine/Plugins/Animation/ControlRig/Content/Controls/ControlRig_Sphere_solid.uasset" 450
"../../../Engine/Plugins/Animation/ControlRig/Content/Controls/ControlRig_Sphere_solid.uexp" 451
"../../../Engine/Plugins/Animation/ControlRig/Content/Controls/ControlRig_Sphere_3mm.ubulk" 452
"../../../Engine/Plugins/Animation/ControlRig/Content/Controls/ControlRig_Sphere_3mm.uasset" 453
"../../../Engine/Plugins/Animation/ControlRig/Content/Controls/ControlRig_Sphere_3mm.uexp" 454
"../../../Engine/Plugins/Animation/ControlRig/Content/Controls/ControlRig_Sphere_1mm.ubulk" 455
"../../../Engine/Plugins/Animation/ControlRig/Content/Controls/ControlRig_Sphere_1mm.uasset" 456
"../../../Engine/Plugins/Animation/ControlRig/Content/Controls/ControlRig_Sphere_1mm.uexp" 457
"../../../Engine/Plugins/Animation/ControlRig/Content/Controls/ControlRig_RoundedTriangle_solid.ubulk" 458
"../../../Engine/Plugins/Animation/ControlRig/Content/Controls/ControlRig_RoundedTriangle_solid.uasset" 459
"../../../Engine/Plugins/Animation/ControlRig/Content/Controls/ControlRig_RoundedTriangle_solid.uexp" 460
"../../../Engine/Plugins/Animation/ControlRig/Content/Controls/ControlRig_RoundedTriangle_3mm.ubulk" 461
"../../../Engine/Plugins/Animation/ControlRig/Content/Controls/ControlRig_RoundedTriangle_3mm.uasset" 462
"../../../Engine/Plugins/Animation/ControlRig/Content/Controls/ControlRig_RoundedTriangle_3mm.uexp" 463
"../../../Engine/Plugins/Animation/ControlRig/Content/Controls/ControlRig_RoundedTriangle_1mm.ubulk" 464
"../../../Engine/Plugins/Animation/ControlRig/Content/Controls/ControlRig_RoundedTriangle_1mm.uasset" 465
"../../../Engine/Plugins/Animation/ControlRig/Content/Controls/ControlRig_RoundedTriangle_1mm.uexp" 466
"../../../Engine/Plugins/Animation/ControlRig/Content/Controls/ControlRig_RoundedSquare_solid.ubulk" 467
"../../../Engine/Plugins/Animation/ControlRig/Content/Controls/ControlRig_RoundedSquare_solid.uasset" 468
"../../../Engine/Plugins/Animation/ControlRig/Content/Controls/ControlRig_RoundedSquare_solid.uexp" 469
"../../../Engine/Plugins/Animation/ControlRig/Content/Controls/ControlRig_RoundedSquare_3mm.ubulk" 470
"../../../Engine/Plugins/Animation/ControlRig/Content/Controls/ControlRig_RoundedSquare_3mm.uasset" 471
"../../../Engine/Plugins/Animation/ControlRig/Content/Controls/ControlRig_RoundedSquare_3mm.uexp" 472
"../../../Engine/Plugins/Animation/ControlRig/Content/Controls/ControlRig_RoundedSquare_1mm.ubulk" 473
"../../../Engine/Plugins/Animation/ControlRig/Content/Controls/ControlRig_RoundedSquare_1mm.uasset" 474
"../../../Engine/Plugins/Animation/ControlRig/Content/Controls/ControlRig_RoundedSquare_1mm.uexp" 475
"../../../Engine/Plugins/Animation/ControlRig/Content/Controls/ControlRig_QuarterCircle_solid.ubulk" 476
"../../../Engine/Plugins/Animation/ControlRig/Content/Controls/ControlRig_QuarterCircle_solid.uasset" 477
"../../../Engine/Plugins/Animation/ControlRig/Content/Controls/ControlRig_QuarterCircle_solid.uexp" 478
"../../../Engine/Plugins/Animation/ControlRig/Content/Controls/ControlRig_QuarterCircle_3mm.ubulk" 479
"../../../Engine/Plugins/Animation/ControlRig/Content/Controls/ControlRig_QuarterCircle_3mm.uasset" 480
"../../../Engine/Plugins/Animation/ControlRig/Content/Controls/ControlRig_QuarterCircle_3mm.uexp" 481
"D:/Work/Upwork/MatthewSheath/Project/Content/MyMyProject3GameMode.uasset" 482
"D:/Work/Upwork/MatthewSheath/Project/Content/MyMyProject3GameMode.uexp" 483
"D:/Work/Upwork/MatthewSheath/Project/Content/LevelPrototyping/Textures/T_GridChecker_A.ubulk" 484
"D:/Work/Upwork/MatthewSheath/Project/Content/LevelPrototyping/Textures/T_GridChecker_A.uasset" 485
"D:/Work/Upwork/MatthewSheath/Project/Content/LevelPrototyping/Textures/T_GridChecker_A.uexp" 486
"../../../Engine/Content/Functions/Engine_MaterialFunctions01/Gradient/LinearGradient.uasset" 487
"../../../Engine/Content/Functions/Engine_MaterialFunctions01/Gradient/LinearGradient.uexp" 488
"../../../Engine/Content/Functions/Engine_MaterialFunctions01/ImageAdjustment/CheapContrast.uasset" 489
"../../../Engine/Content/Functions/Engine_MaterialFunctions01/ImageAdjustment/CheapContrast.uexp" 490
"D:/Work/Upwork/MatthewSheath/Project/Content/LevelPrototyping/Materials/MF_ProcGrid.uasset" 491
"D:/Work/Upwork/MatthewSheath/Project/Content/LevelPrototyping/Materials/MF_ProcGrid.uexp" 492
"D:/Work/Upwork/MatthewSheath/Project/Content/LevelPrototyping/Materials/M_PrototypeGrid.uasset" 493
"D:/Work/Upwork/MatthewSheath/Project/Content/LevelPrototyping/Materials/M_PrototypeGrid.uexp" 494
"D:/Work/Upwork/MatthewSheath/Project/Content/LevelPrototyping/Materials/MI_PrototypeGrid_Gray.uasset" 495
"D:/Work/Upwork/MatthewSheath/Project/Content/LevelPrototyping/Materials/MI_PrototypeGrid_Gray.uexp" 496
"D:/Work/Upwork/MatthewSheath/Project/Content/LevelPrototyping/Meshes/SM_Ramp.ubulk" 497
"D:/Work/Upwork/MatthewSheath/Project/Content/LevelPrototyping/Meshes/SM_Ramp.uasset" 498
"D:/Work/Upwork/MatthewSheath/Project/Content/LevelPrototyping/Meshes/SM_Ramp.uexp" 499
"D:/Work/Upwork/MatthewSheath/Project/Content/LevelPrototyping/Meshes/SM_QuarterCylinder.ubulk" 500
"D:/Work/Upwork/MatthewSheath/Project/Content/LevelPrototyping/Meshes/SM_QuarterCylinder.uasset" 501
"D:/Work/Upwork/MatthewSheath/Project/Content/LevelPrototyping/Meshes/SM_QuarterCylinder.uexp" 502
"D:/Work/Upwork/MatthewSheath/Project/Content/LevelPrototyping/Meshes/SM_Cube.ubulk" 503
"D:/Work/Upwork/MatthewSheath/Project/Content/LevelPrototyping/Meshes/SM_Cube.uasset" 504
"D:/Work/Upwork/MatthewSheath/Project/Content/LevelPrototyping/Meshes/SM_Cube.uexp" 505
"D:/Work/Upwork/MatthewSheath/Project/Content/LevelPrototyping/Materials/M_Solid.uasset" 506
"D:/Work/Upwork/MatthewSheath/Project/Content/LevelPrototyping/Materials/M_Solid.uexp" 507
"D:/Work/Upwork/MatthewSheath/Project/Content/LevelPrototyping/Materials/MI_Solid_Blue.uasset" 508
"D:/Work/Upwork/MatthewSheath/Project/Content/LevelPrototyping/Materials/MI_Solid_Blue.uexp" 509
"D:/Work/Upwork/MatthewSheath/Project/Content/LevelPrototyping/Meshes/SM_ChamferCube.ubulk" 510
"D:/Work/Upwork/MatthewSheath/Project/Content/LevelPrototyping/Meshes/SM_ChamferCube.uasset" 511
"D:/Work/Upwork/MatthewSheath/Project/Content/LevelPrototyping/Meshes/SM_ChamferCube.uexp" 512
"D:/Work/Upwork/MatthewSheath/Project/Content/LevelPrototyping/Materials/MI_PrototypeGrid_TopDark.uasset" 513
"D:/Work/Upwork/MatthewSheath/Project/Content/LevelPrototyping/Materials/MI_PrototypeGrid_TopDark.uexp" 514
"D:/Work/Upwork/MatthewSheath/Project/Content/Characters/Mannequins/Meshes/SK_Mannequin.uasset" 515
"D:/Work/Upwork/MatthewSheath/Project/Content/Characters/Mannequins/Meshes/SK_Mannequin.uexp" 516
"D:/Work/Upwork/MatthewSheath/Project/Content/Characters/Mannequins/Textures/Quinn/T_Quinn_02ID_MSR_MSK.ubulk" 517
"D:/Work/Upwork/MatthewSheath/Project/Content/Characters/Mannequins/Textures/Quinn/T_Quinn_02ID_MSR_MSK.uasset" 518
"D:/Work/Upwork/MatthewSheath/Project/Content/Characters/Mannequins/Textures/Quinn/T_Quinn_02ID_MSR_MSK.uexp" 519
"D:/Work/Upwork/MatthewSheath/Project/Content/Characters/Mannequins/Textures/Quinn/T_Quinn_02ID_BN.ubulk" 520
"D:/Work/Upwork/MatthewSheath/Project/Content/Characters/Mannequins/Textures/Quinn/T_Quinn_02ID_BN.uasset" 521
"D:/Work/Upwork/MatthewSheath/Project/Content/Characters/Mannequins/Textures/Quinn/T_Quinn_02ID_BN.uexp" 522
"D:/Work/Upwork/MatthewSheath/Project/Content/Characters/Mannequins/Textures/Quinn/T_Quinn_02_ASAOMASK_MSK.ubulk" 523
"D:/Work/Upwork/MatthewSheath/Project/Content/Characters/Mannequins/Textures/Quinn/T_Quinn_02_ASAOMASK_MSK.uasset" 524
"D:/Work/Upwork/MatthewSheath/Project/Content/Characters/Mannequins/Textures/Quinn/T_Quinn_02_ASAOMASK_MSK.uexp" 525
"D:/Work/Upwork/MatthewSheath/Project/Content/Characters/Mannequins/Textures/Quinn/T_Quinn_02_CCRCCPlastic_MSK.ubulk" 526
"D:/Work/Upwork/MatthewSheath/Project/Content/Characters/Mannequins/Textures/Quinn/T_Quinn_02_CCRCCPlastic_MSK.uasset" 527
"D:/Work/Upwork/MatthewSheath/Project/Content/Characters/Mannequins/Textures/Quinn/T_Quinn_02_CCRCCPlastic_MSK.uexp" 528
"D:/Work/Upwork/MatthewSheath/Project/Content/Characters/Mannequins/Textures/Quinn/T_Quinn_02ID_Tan.ubulk" 529
"D:/Work/Upwork/MatthewSheath/Project/Content/Characters/Mannequins/Textures/Quinn/T_Quinn_02ID_Tan.uasset" 530
"D:/Work/Upwork/MatthewSheath/Project/Content/Characters/Mannequins/Textures/Quinn/T_Quinn_02ID_Tan.uexp" 531
"D:/Work/Upwork/MatthewSheath/Project/Content/Characters/Mannequins/Textures/Quinn/T_Quinn_02ID_D.ubulk" 532
"D:/Work/Upwork/MatthewSheath/Project/Content/Characters/Mannequins/Textures/Quinn/T_Quinn_02ID_D.uasset" 533
"D:/Work/Upwork/MatthewSheath/Project/Content/Characters/Mannequins/Textures/Quinn/T_Quinn_02ID_D.uexp" 534
"D:/Work/Upwork/MatthewSheath/Project/Content/Characters/Mannequins/Textures/Quinn/T_Quinn_01ID_MSR_MSK.ubulk" 535
"D:/Work/Upwork/MatthewSheath/Project/Content/Characters/Mannequins/Textures/Quinn/T_Quinn_01ID_MSR_MSK.uasset" 536
"D:/Work/Upwork/MatthewSheath/Project/Content/Characters/Mannequins/Textures/Quinn/T_Quinn_01ID_MSR_MSK.uexp" 537
"D:/Work/Upwork/MatthewSheath/Project/Content/Characters/Mannequins/Materials/Functions/ChromaticCurve.uasset" 538
"D:/Work/Upwork/MatthewSheath/Project/Content/Characters/Mannequins/Materials/Functions/ChromaticCurve.uexp" 539
"D:/Work/Upwork/MatthewSheath/Project/Content/Characters/Mannequins/Materials/Functions/CA_Mannequin.uasset" 540
"D:/Work/Upwork/MatthewSheath/Project/Content/Characters/Mannequins/Materials/Functions/CA_Mannequin.uexp" 541
"D:/Work/Upwork/MatthewSheath/Project/Content/Characters/Mannequins/Materials/Functions/MF_Diffraction.uasset" 542
"D:/Work/Upwork/MatthewSheath/Project/Content/Characters/Mannequins/Materials/Functions/MF_Diffraction.uexp" 543
"D:/Work/Upwork/MatthewSheath/Project/Content/Characters/Mannequins/Textures/Manny/T_Manny_01_N.ubulk" 544
"D:/Work/Upwork/MatthewSheath/Project/Content/Characters/Mannequins/Textures/Manny/T_Manny_01_N.uasset" 545
"D:/Work/Upwork/MatthewSheath/Project/Content/Characters/Mannequins/Textures/Manny/T_Manny_01_N.uexp" 546
"D:/Work/Upwork/MatthewSheath/Project/Content/Characters/Mannequins/Materials/Functions/ML_BaseColorFallOff.uasset" 547
"D:/Work/Upwork/MatthewSheath/Project/Content/Characters/Mannequins/Materials/Functions/ML_BaseColorFallOff.uexp" 548
"../../../Engine/Content/Functions/Engine_MaterialFunctions01/Texturing/ScaleUVsByCenter.uasset" 549
"../../../Engine/Content/Functions/Engine_MaterialFunctions01/Texturing/ScaleUVsByCenter.uexp" 550
"D:/Work/Upwork/MatthewSheath/Project/Content/Characters/Mannequins/Textures/Shared/T_UE_Logo_M.uasset" 551
"D:/Work/Upwork/MatthewSheath/Project/Content/Characters/Mannequins/Textures/Shared/T_UE_Logo_M.uexp" 552
"D:/Work/Upwork/MatthewSheath/Project/Content/Characters/Mannequins/Materials/Functions/MF_logo3layers.uasset" 553
"D:/Work/Upwork/MatthewSheath/Project/Content/Characters/Mannequins/Materials/Functions/MF_logo3layers.uexp" 554
"D:/Work/Upwork/MatthewSheath/Project/Content/Characters/Mannequins/Textures/Manny/T_Manny_01_CCRCCPlastic_MSK.ubulk" 555
"D:/Work/Upwork/MatthewSheath/Project/Content/Characters/Mannequins/Textures/Manny/T_Manny_01_CCRCCPlastic_MSK.uasset" 556
"D:/Work/Upwork/MatthewSheath/Project/Content/Characters/Mannequins/Textures/Manny/T_Manny_01_CCRCCPlastic_MSK.uexp" 557
"D:/Work/Upwork/MatthewSheath/Project/Content/Characters/Mannequins/Textures/Manny/T_Manny_01_ASAOPMASK_MSK.ubulk" 558
"D:/Work/Upwork/MatthewSheath/Project/Content/Characters/Mannequins/Textures/Manny/T_Manny_01_ASAOPMASK_MSK.uasset" 559
"D:/Work/Upwork/MatthewSheath/Project/Content/Characters/Mannequins/Textures/Manny/T_Manny_01_ASAOPMASK_MSK.uexp" 560
"D:/Work/Upwork/MatthewSheath/Project/Content/Characters/Mannequins/Textures/Manny/T_Manny_01_MSR_MSK.ubulk" 561
"D:/Work/Upwork/MatthewSheath/Project/Content/Characters/Mannequins/Textures/Manny/T_Manny_01_MSR_MSK.uasset" 562
"D:/Work/Upwork/MatthewSheath/Project/Content/Characters/Mannequins/Textures/Manny/T_Manny_01_MSR_MSK.uexp" 563
"D:/Work/Upwork/MatthewSheath/Project/Content/Characters/Mannequins/Textures/Manny/T_Manny_01_BN.ubulk" 564
"D:/Work/Upwork/MatthewSheath/Project/Content/Characters/Mannequins/Textures/Manny/T_Manny_01_BN.uasset" 565
"D:/Work/Upwork/MatthewSheath/Project/Content/Characters/Mannequins/Textures/Manny/T_Manny_01_BN.uexp" 566
"D:/Work/Upwork/MatthewSheath/Project/Content/Characters/Mannequins/Textures/Manny/T_Manny_01_D.ubulk" 567
"D:/Work/Upwork/MatthewSheath/Project/Content/Characters/Mannequins/Textures/Manny/T_Manny_01_D.uasset" 568
"D:/Work/Upwork/MatthewSheath/Project/Content/Characters/Mannequins/Textures/Manny/T_Manny_01_D.uexp" 569
"D:/Work/Upwork/MatthewSheath/Project/Content/Characters/Mannequins/Textures/Manny/T_Manny_01_Tan.ubulk" 570
"D:/Work/Upwork/MatthewSheath/Project/Content/Characters/Mannequins/Textures/Manny/T_Manny_01_Tan.uasset" 571
"D:/Work/Upwork/MatthewSheath/Project/Content/Characters/Mannequins/Textures/Manny/T_Manny_01_Tan.uexp" 572
"D:/Work/Upwork/MatthewSheath/Project/Content/Characters/Mannequins/Materials/M_Mannequin.uasset" 573
"D:/Work/Upwork/MatthewSheath/Project/Content/Characters/Mannequins/Materials/M_Mannequin.uexp" 574
"D:/Work/Upwork/MatthewSheath/Project/Content/Characters/Mannequins/Textures/Quinn/T_Quinn_01_ASAOMASK_MSK.ubulk" 575
"D:/Work/Upwork/MatthewSheath/Project/Content/Characters/Mannequins/Textures/Quinn/T_Quinn_01_ASAOMASK_MSK.uasset" 576
"D:/Work/Upwork/MatthewSheath/Project/Content/Characters/Mannequins/Textures/Quinn/T_Quinn_01_ASAOMASK_MSK.uexp" 577
"D:/Work/Upwork/MatthewSheath/Project/Content/Characters/Mannequins/Textures/Quinn/T_Quinn_01ID_N.ubulk" 578
"D:/Work/Upwork/MatthewSheath/Project/Content/Characters/Mannequins/Textures/Quinn/T_Quinn_01ID_N.uasset" 579
"D:/Work/Upwork/MatthewSheath/Project/Content/Characters/Mannequins/Textures/Quinn/T_Quinn_01ID_N.uexp" 580
"D:/Work/Upwork/MatthewSheath/Project/Content/Characters/Mannequins/Textures/Quinn/T_Quinn_01ID_BN.ubulk" 581
"D:/Work/Upwork/MatthewSheath/Project/Content/Characters/Mannequins/Textures/Quinn/T_Quinn_01ID_BN.uasset" 582
"D:/Work/Upwork/MatthewSheath/Project/Content/Characters/Mannequins/Textures/Quinn/T_Quinn_01ID_BN.uexp" 583
"D:/Work/Upwork/MatthewSheath/Project/Content/Characters/Mannequins/Textures/Quinn/T_Quinn_01ID_D.ubulk" 584
"D:/Work/Upwork/MatthewSheath/Project/Content/Characters/Mannequins/Textures/Quinn/T_Quinn_01ID_D.uasset" 585
"D:/Work/Upwork/MatthewSheath/Project/Content/Characters/Mannequins/Textures/Quinn/T_Quinn_01ID_D.uexp" 586
"D:/Work/Upwork/MatthewSheath/Project/Content/Characters/Mannequins/Textures/Quinn/T_Quinn_01ID_Tan.ubulk" 587
"D:/Work/Upwork/MatthewSheath/Project/Content/Characters/Mannequins/Textures/Quinn/T_Quinn_01ID_Tan.uasset" 588
"D:/Work/Upwork/MatthewSheath/Project/Content/Characters/Mannequins/Textures/Quinn/T_Quinn_01ID_Tan.uexp" 589
"D:/Work/Upwork/MatthewSheath/Project/Content/Characters/Mannequins/Textures/Quinn/T_Quinn_01_CCRCCPlastic_MSK.ubulk" 590
"D:/Work/Upwork/MatthewSheath/Project/Content/Characters/Mannequins/Textures/Quinn/T_Quinn_01_CCRCCPlastic_MSK.uasset" 591
"D:/Work/Upwork/MatthewSheath/Project/Content/Characters/Mannequins/Textures/Quinn/T_Quinn_01_CCRCCPlastic_MSK.uexp" 592
"D:/Work/Upwork/MatthewSheath/Project/Content/Characters/Mannequins/Materials/Instances/Quinn/MI_Quinn_01.uasset" 593
"D:/Work/Upwork/MatthewSheath/Project/Content/Characters/Mannequins/Materials/Instances/Quinn/MI_Quinn_01.uexp" 594
"D:/Work/Upwork/MatthewSheath/Project/Content/Characters/Mannequins/Textures/Quinn/T_Quinn_02ID_N.ubulk" 595
"D:/Work/Upwork/MatthewSheath/Project/Content/Characters/Mannequins/Textures/Quinn/T_Quinn_02ID_N.uasset" 596
"D:/Work/Upwork/MatthewSheath/Project/Content/Characters/Mannequins/Textures/Quinn/T_Quinn_02ID_N.uexp" 597
"D:/Work/Upwork/MatthewSheath/Project/Content/Characters/Mannequins/Materials/Instances/Quinn/MI_Quinn_02.uasset" 598
"D:/Work/Upwork/MatthewSheath/Project/Content/Characters/Mannequins/Materials/Instances/Quinn/MI_Quinn_02.uexp" 599
"D:/Work/Upwork/MatthewSheath/Project/Content/Characters/Mannequins/Rigs/PA_Mannequin.uasset" 600
"D:/Work/Upwork/MatthewSheath/Project/Content/Characters/Mannequins/Rigs/PA_Mannequin.uexp" 601
"D:/Work/Upwork/MatthewSheath/Project/Content/Characters/Mannequins/Meshes/SKM_Quinn_Simple.uasset" 602
"D:/Work/Upwork/MatthewSheath/Project/Content/Characters/Mannequins/Meshes/SKM_Quinn_Simple.uexp" 603
"../../../Engine/Content/Animation/DefaultAnimCurveCompressionSettings.uasset" 604
"../../../Engine/Content/Animation/DefaultAnimCurveCompressionSettings.uexp" 605
"../../../Engine/Content/Animation/DefaultAnimBoneCompressionSettings.uasset" 606
"../../../Engine/Content/Animation/DefaultAnimBoneCompressionSettings.uexp" 607
"D:/Work/Upwork/MatthewSheath/Project/Content/Characters/Mannequins/Animations/Quinn/MF_Run_Fwd.uasset" 608
"D:/Work/Upwork/MatthewSheath/Project/Content/Characters/Mannequins/Animations/Quinn/MF_Run_Fwd.uexp" 609
"D:/Work/Upwork/MatthewSheath/Project/Content/Characters/Mannequins/Animations/Quinn/MF_Walk_Fwd.uasset" 610
"D:/Work/Upwork/MatthewSheath/Project/Content/Characters/Mannequins/Animations/Quinn/MF_Walk_Fwd.uexp" 611
"../../../Engine/Content/Animation/DefaultRecorderBoneCompression.uasset" 612
"../../../Engine/Content/Animation/DefaultRecorderBoneCompression.uexp" 613
"D:/Work/Upwork/MatthewSheath/Project/Content/Characters/Mannequins/Animations/Manny/MM_Walk_InPlace.uasset" 614
"D:/Work/Upwork/MatthewSheath/Project/Content/Characters/Mannequins/Animations/Manny/MM_Walk_InPlace.uexp" 615
"D:/Work/Upwork/MatthewSheath/Project/Content/Characters/Mannequins/Animations/Quinn/BS_MF_Unarmed_WalkRun.uasset" 616
"D:/Work/Upwork/MatthewSheath/Project/Content/Characters/Mannequins/Animations/Quinn/BS_MF_Unarmed_WalkRun.uexp" 617
"D:/Work/Upwork/MatthewSheath/Project/Content/Characters/Mannequins/Animations/Quinn/MF_Idle.uasset" 618
"D:/Work/Upwork/MatthewSheath/Project/Content/Characters/Mannequins/Animations/Quinn/MF_Idle.uexp" 619
"D:/Work/Upwork/MatthewSheath/Project/Content/Characters/Mannequins/Animations/Manny/MM_Fall_Loop.uasset" 620
"D:/Work/Upwork/MatthewSheath/Project/Content/Characters/Mannequins/Animations/Manny/MM_Fall_Loop.uexp" 621
"D:/Work/Upwork/MatthewSheath/Project/Content/Characters/Mannequins/Animations/Manny/MM_Jump.uasset" 622
"D:/Work/Upwork/MatthewSheath/Project/Content/Characters/Mannequins/Animations/Manny/MM_Jump.uexp" 623
"../../../Engine/Plugins/Animation/ControlRig/Content/Controls/DefaultGizmoLibrary.uasset" 624
"../../../Engine/Plugins/Animation/ControlRig/Content/Controls/DefaultGizmoLibrary.uexp" 625
"D:/Work/Upwork/MatthewSheath/Project/Content/Characters/Mannequins/Rigs/CR_Mannequin_BasicFootIK.uasset" 626
"D:/Work/Upwork/MatthewSheath/Project/Content/Characters/Mannequins/Rigs/CR_Mannequin_BasicFootIK.uexp" 627
"D:/Work/Upwork/MatthewSheath/Project/Content/Characters/Mannequins/Animations/Manny/MM_Run_Fwd.uasset" 628
"D:/Work/Upwork/MatthewSheath/Project/Content/Characters/Mannequins/Animations/Manny/MM_Run_Fwd.uexp" 629
"D:/Work/Upwork/MatthewSheath/Project/Content/Characters/Mannequins/Animations/Manny/MM_Walk_Fwd.uasset" 630
"D:/Work/Upwork/MatthewSheath/Project/Content/Characters/Mannequins/Animations/Manny/MM_Walk_Fwd.uexp" 631
"D:/Work/Upwork/MatthewSheath/Project/Content/Characters/Mannequins/Animations/Manny/BS_MM_WalkRun.uasset" 632
"D:/Work/Upwork/MatthewSheath/Project/Content/Characters/Mannequins/Animations/Manny/BS_MM_WalkRun.uexp" 633
"D:/Work/Upwork/MatthewSheath/Project/Content/Characters/Mannequins/Animations/Manny/MM_Land.uasset" 634
"D:/Work/Upwork/MatthewSheath/Project/Content/Characters/Mannequins/Animations/Manny/MM_Land.uexp" 635
"D:/Work/Upwork/MatthewSheath/Project/Content/Characters/Mannequins/Animations/Manny/MM_Idle.uasset" 636
"D:/Work/Upwork/MatthewSheath/Project/Content/Characters/Mannequins/Animations/Manny/MM_Idle.uexp" 637
"D:/Work/Upwork/MatthewSheath/Project/Content/Characters/Mannequins/Animations/ABP_Manny.uasset" 638
"D:/Work/Upwork/MatthewSheath/Project/Content/Characters/Mannequins/Animations/ABP_Manny.uexp" 639
"D:/Work/Upwork/MatthewSheath/Project/Content/Characters/Mannequins/Animations/ABP_Quinn.uasset" 640
"D:/Work/Upwork/MatthewSheath/Project/Content/Characters/Mannequins/Animations/ABP_Quinn.uexp" 641
"D:/Work/Upwork/MatthewSheath/Project/Content/ThirdPerson/Blueprints/BP_ThirdPersonCharacter.uasset" 642
"D:/Work/Upwork/MatthewSheath/Project/Content/ThirdPerson/Blueprints/BP_ThirdPersonCharacter.uexp" 643
"../../../Engine/Plugins/Runtime/HairStrands/Content/Materials/HairMeshesDefaultMaterial.uasset" 644
"../../../Engine/Plugins/Runtime/HairStrands/Content/Materials/HairMeshesDefaultMaterial.uexp" 645
"../../../Engine/Plugins/Runtime/HairStrands/Content/Materials/HairDefaultMaterial.uasset" 646
"../../../Engine/Plugins/Runtime/HairStrands/Content/Materials/HairDefaultMaterial.uexp" 647
"../../../Engine/Plugins/Runtime/HairStrands/Content/Materials/HairGroupColors.uasset" 648
"../../../Engine/Plugins/Runtime/HairStrands/Content/Materials/HairGroupColors.uexp" 649
"../../../Engine/Content/EngineMaterials/HairColorMap.uasset" 650
"../../../Engine/Content/EngineMaterials/HairColorMap.uexp" 651
"../../../Engine/Content/EngineMaterials/HairDebugColor.uasset" 652
"../../../Engine/Content/EngineMaterials/HairDebugColor.uexp" 653
"../../../Engine/Plugins/Runtime/HairStrands/Content/Materials/HairDebugMaterial.uasset" 654
"../../../Engine/Plugins/Runtime/HairStrands/Content/Materials/HairDebugMaterial.uexp" 655
"../../../Engine/Plugins/Runtime/HairStrands/Content/Materials/HairCardsDefaultMaterial.uasset" 656
"../../../Engine/Plugins/Runtime/HairStrands/Content/Materials/HairCardsDefaultMaterial.uexp" 657
"../../../Engine/Plugins/Animation/ControlRig/Content/Controls/ControlRig_QuarterCircle_1mm.ubulk" 658
"../../../Engine/Plugins/Animation/ControlRig/Content/Controls/ControlRig_QuarterCircle_1mm.uasset" 659
"../../../Engine/Plugins/Animation/ControlRig/Content/Controls/ControlRig_QuarterCircle_1mm.uexp" 660
"../../../Engine/Plugins/Animation/ControlRig/Content/Controls/ControlRig_Pyramid_solid.ubulk" 661
"../../../Engine/Plugins/Animation/ControlRig/Content/Controls/ControlRig_Pyramid_solid.uasset" 662
"../../../Engine/Plugins/Animation/ControlRig/Content/Controls/ControlRig_Pyramid_solid.uexp" 663
"../../../Engine/Plugins/Animation/ControlRig/Content/Controls/ControlRig_Pyramid_3mm.ubulk" 664
"../../../Engine/Plugins/Animation/ControlRig/Content/Controls/ControlRig_Pyramid_3mm.uasset" 665
"../../../Engine/Plugins/Animation/ControlRig/Content/Controls/ControlRig_Pyramid_3mm.uexp" 666
"../../../Engine/Plugins/Animation/ControlRig/Content/Controls/ControlRig_Pyramid_1mm.ubulk" 667
"../../../Engine/Plugins/Animation/ControlRig/Content/Controls/ControlRig_Pyramid_1mm.uasset" 668
"../../../Engine/Plugins/Animation/ControlRig/Content/Controls/ControlRig_Pyramid_1mm.uexp" 669
"../../../Engine/Plugins/Animation/ControlRig/Content/Controls/ControlRig_Octagon_solid.ubulk" 670
"../../../Engine/Plugins/Animation/ControlRig/Content/Controls/ControlRig_Octagon_solid.uasset" 671
"../../../Engine/Plugins/Animation/ControlRig/Content/Controls/ControlRig_Octagon_solid.uexp" 672
"../../../Engine/Plugins/Animation/ControlRig/Content/Controls/ControlRig_Octagon_3mm.ubulk" 673
"../../../Engine/Plugins/Animation/ControlRig/Content/Controls/ControlRig_Octagon_3mm.uasset" 674
"../../../Engine/Plugins/Animation/ControlRig/Content/Controls/ControlRig_Octagon_3mm.uexp" 675
"../../../Engine/Plugins/Animation/ControlRig/Content/Controls/ControlRig_Octagon_1mm.ubulk" 676
"../../../Engine/Plugins/Animation/ControlRig/Content/Controls/ControlRig_Octagon_1mm.uasset" 677
"../../../Engine/Plugins/Animation/ControlRig/Content/Controls/ControlRig_Octagon_1mm.uexp" 678
"../../../Engine/Plugins/Animation/ControlRig/Content/Controls/ControlRig_Hexagon_solid.ubulk" 679
"../../../Engine/Plugins/Animation/ControlRig/Content/Controls/ControlRig_Hexagon_solid.uasset" 680
"../../../Engine/Plugins/Animation/ControlRig/Content/Controls/ControlRig_Hexagon_solid.uexp" 681
"../../../Engine/Plugins/Animation/ControlRig/Content/Controls/ControlRig_Hexagon_3mm.ubulk" 682
"../../../Engine/Plugins/Animation/ControlRig/Content/Controls/ControlRig_Hexagon_3mm.uasset" 683
"../../../Engine/Plugins/Animation/ControlRig/Content/Controls/ControlRig_Hexagon_3mm.uexp" 684
"../../../Engine/Plugins/Animation/ControlRig/Content/Controls/ControlRig_Hexagon_1mm.ubulk" 685
"../../../Engine/Plugins/Animation/ControlRig/Content/Controls/ControlRig_Hexagon_1mm.uasset" 686
"../../../Engine/Plugins/Animation/ControlRig/Content/Controls/ControlRig_Hexagon_1mm.uexp" 687
"../../../Engine/Plugins/Animation/ControlRig/Content/Controls/ControlRig_HalfCircle_solid.ubulk" 688
"../../../Engine/Plugins/Animation/ControlRig/Content/Controls/ControlRig_HalfCircle_solid.uasset" 689
"../../../Engine/Plugins/Animation/ControlRig/Content/Controls/ControlRig_HalfCircle_solid.uexp" 690
"../../../Engine/Plugins/Animation/ControlRig/Content/Controls/ControlRig_HalfCircle_3mm.ubulk" 691
"../../../Engine/Plugins/Animation/ControlRig/Content/Controls/ControlRig_HalfCircle_3mm.uasset" 692
"../../../Engine/Plugins/Animation/ControlRig/Content/Controls/ControlRig_HalfCircle_3mm.uexp" 693
"../../../Engine/Plugins/Animation/ControlRig/Content/Controls/ControlRig_HalfCircle_1mm.ubulk" 694
"../../../Engine/Plugins/Animation/ControlRig/Content/Controls/ControlRig_HalfCircle_1mm.uasset" 695
"../../../Engine/Plugins/Animation/ControlRig/Content/Controls/ControlRig_HalfCircle_1mm.uexp" 696
"../../../Engine/Plugins/Animation/ControlRig/Content/Controls/ControlRig_Diamond_solid.ubulk" 697
"../../../Engine/Plugins/Animation/ControlRig/Content/Controls/ControlRig_Diamond_solid.uasset" 698
"../../../Engine/Plugins/Animation/ControlRig/Content/Controls/ControlRig_Diamond_solid.uexp" 699
"../../../Engine/Plugins/Animation/ControlRig/Content/Controls/ControlRig_Diamond_3mm.ubulk" 700
"../../../Engine/Plugins/Animation/ControlRig/Content/Controls/ControlRig_Diamond_3mm.uasset" 701
"../../../Engine/Plugins/Animation/ControlRig/Content/Controls/ControlRig_Diamond_3mm.uexp" 702
"../../../Engine/Plugins/Animation/ControlRig/Content/Controls/ControlRig_Diamond_1mm.ubulk" 703
"../../../Engine/Plugins/Animation/ControlRig/Content/Controls/ControlRig_Diamond_1mm.uasset" 704
"../../../Engine/Plugins/Animation/ControlRig/Content/Controls/ControlRig_Diamond_1mm.uexp" 705
"../../../Engine/Plugins/Animation/ControlRig/Content/Controls/ControlRig_Circle_solid.ubulk" 706
"../../../Engine/Plugins/Animation/ControlRig/Content/Controls/ControlRig_Circle_solid.uasset" 707
"../../../Engine/Plugins/Animation/ControlRig/Content/Controls/ControlRig_Circle_solid.uexp" 708
"../../../Engine/Plugins/Animation/ControlRig/Content/Controls/ControlRig_Circle_3mm.ubulk" 709
"../../../Engine/Plugins/Animation/ControlRig/Content/Controls/ControlRig_Circle_3mm.uasset" 710
"../../../Engine/Plugins/Animation/ControlRig/Content/Controls/ControlRig_Circle_3mm.uexp" 711
"../../../Engine/Plugins/Animation/ControlRig/Content/Controls/ControlRig_Circle_1mm.ubulk" 712
"../../../Engine/Plugins/Animation/ControlRig/Content/Controls/ControlRig_Circle_1mm.uasset" 713
"../../../Engine/Plugins/Animation/ControlRig/Content/Controls/ControlRig_Circle_1mm.uexp" 714
"../../../Engine/Plugins/Animation/ControlRig/Content/Controls/ControlRig_Box_solid.ubulk" 715
"../../../Engine/Plugins/Animation/ControlRig/Content/Controls/ControlRig_Box_solid.uasset" 716
"../../../Engine/Plugins/Animation/ControlRig/Content/Controls/ControlRig_Box_solid.uexp" 717
"../../../Engine/Plugins/Animation/ControlRig/Content/Controls/ControlRig_Box_3mm.ubulk" 718
"../../../Engine/Plugins/Animation/ControlRig/Content/Controls/ControlRig_Box_3mm.uasset" 719
"../../../Engine/Plugins/Animation/ControlRig/Content/Controls/ControlRig_Box_3mm.uexp" 720
"../../../Engine/Plugins/Animation/ControlRig/Content/Controls/ControlRig_Box_1mm.ubulk" 721
"../../../Engine/Plugins/Animation/ControlRig/Content/Controls/ControlRig_Box_1mm.uasset" 722
"../../../Engine/Plugins/Animation/ControlRig/Content/Controls/ControlRig_Box_1mm.uexp" 723
"../../../Engine/Plugins/Animation/ControlRig/Content/Controls/ControlRig_Arrow_solid.ubulk" 724
"../../../Engine/Plugins/Animation/ControlRig/Content/Controls/ControlRig_Arrow_solid.uasset" 725
"../../../Engine/Plugins/Animation/ControlRig/Content/Controls/ControlRig_Arrow_solid.uexp" 726
"../../../Engine/Plugins/Animation/ControlRig/Content/Controls/ControlRig_Arrow_3mm.ubulk" 727
"../../../Engine/Plugins/Animation/ControlRig/Content/Controls/ControlRig_Arrow_3mm.uasset" 728
"../../../Engine/Plugins/Animation/ControlRig/Content/Controls/ControlRig_Arrow_3mm.uexp" 729
"../../../Engine/Plugins/Animation/ControlRig/Content/Controls/ControlRig_Arrow_1mm.ubulk" 730
"../../../Engine/Plugins/Animation/ControlRig/Content/Controls/ControlRig_Arrow_1mm.uasset" 731
"../../../Engine/Plugins/Animation/ControlRig/Content/Controls/ControlRig_Arrow_1mm.uexp" 732
"../../../Engine/Plugins/Animation/ControlRig/Content/Controls/ControlRig_Arrow4_solid.ubulk" 733
"../../../Engine/Plugins/Animation/ControlRig/Content/Controls/ControlRig_Arrow4_solid.uasset" 734
"../../../Engine/Plugins/Animation/ControlRig/Content/Controls/ControlRig_Arrow4_solid.uexp" 735
"../../../Engine/Plugins/Animation/ControlRig/Content/Controls/ControlRig_Arrow4_3mm.ubulk" 736
"../../../Engine/Plugins/Animation/ControlRig/Content/Controls/ControlRig_Arrow4_3mm.uasset" 737
"../../../Engine/Plugins/Animation/ControlRig/Content/Controls/ControlRig_Arrow4_3mm.uexp" 738
"../../../Engine/Plugins/Animation/ControlRig/Content/Controls/ControlRig_Arrow4_1mm.ubulk" 739
"../../../Engine/Plugins/Animation/ControlRig/Content/Controls/ControlRig_Arrow4_1mm.uasset" 740
"../../../Engine/Plugins/Animation/ControlRig/Content/Controls/ControlRig_Arrow4_1mm.uexp" 741
"../../../Engine/Plugins/Animation/ControlRig/Content/Controls/ControlRig_Arrow2_solid.ubulk" 742
"../../../Engine/Plugins/Animation/ControlRig/Content/Controls/ControlRig_Arrow2_solid.uasset" 743
"../../../Engine/Plugins/Animation/ControlRig/Content/Controls/ControlRig_Arrow2_solid.uexp" 744
"../../../Engine/Plugins/Animation/ControlRig/Content/Controls/ControlRig_Arrow2_3mm.ubulk" 745
"../../../Engine/Plugins/Animation/ControlRig/Content/Controls/ControlRig_Arrow2_3mm.uasset" 746
"../../../Engine/Plugins/Animation/ControlRig/Content/Controls/ControlRig_Arrow2_3mm.uexp" 747
"../../../Engine/Plugins/Animation/ControlRig/Content/Controls/ControlRig_Arrow2_1mm.ubulk" 748
"../../../Engine/Plugins/Animation/ControlRig/Content/Controls/ControlRig_Arrow2_1mm.uasset" 749
"../../../Engine/Plugins/Animation/ControlRig/Content/Controls/ControlRig_Arrow2_1mm.uexp" 750
"../../../Engine/Plugins/Animation/ControlRig/Content/Controls/ControlRigGizmoMaterial.uasset" 751
"../../../Engine/Plugins/Animation/ControlRig/Content/Controls/ControlRigGizmoMaterial.uexp" 752
"../../../Engine/Content/Maps/Templates/HLODs/HLODLayer_Instanced.uasset" 753
"../../../Engine/Content/Maps/Templates/HLODs/HLODLayer_Instanced.uexp" 754
"D:/Work/Upwork/MatthewSheath/Project/Content/ThirdPerson/Maps/ThirdPersonMap.uexp" 755
"D:/Work/Upwork/MatthewSheath/Project/Content/ThirdPerson/Maps/ThirdPersonMap.umap" 756
